# JRE version: Java(TM) SE Runtime Environment (8.0_181-b13) (build 1.8.0_181-b13)
# Java VM: Java HotSpot(TM) 64-Bit Server VM (25.181-b13 mixed mode windows-amd64 compressed oops)
Heap:
 PSYoungGen      total 350720K, used 182034K [0x00000000d5b00000, 0x00000000ef700000, 0x0000000100000000)
  eden space 333824K, 52% used [0x00000000d5b00000,0x00000000e048c998,0x00000000ea100000)
  from space 16896K, 49% used [0x00000000ea100000,0x00000000ea938000,0x00000000eb180000)
  to   space 16384K, 0% used [0x00000000ee700000,0x00000000ee700000,0x00000000ef700000)
 ParOldGen       total 123392K, used 50277K [0x0000000081000000, 0x0000000088880000, 0x00000000d5b00000)
  object space 123392K, 40% used [0x0000000081000000,0x00000000841194e8,0x0000000088880000)
 Metaspace       used 16540K, capacity 16712K, committed 16896K, reserved 1064960K
  class space    used 1859K, capacity 1932K, committed 2048K, reserved 1048576K
GC Heap History (10 events):
Event: 212.112 GC heap before
{Heap before GC invocations=381 (full 12):
 PSYoungGen      total 313856K, used 313440K [0x00000000d5b00000, 0x00000000ed680000, 0x0000000100000000)
  eden space 304640K, 100% used [0x00000000d5b00000,0x00000000e8480000,0x00000000e8480000)
  from space 9216K, 95% used [0x00000000ecd80000,0x00000000ed618000,0x00000000ed680000)
  to   space 17408K, 0% used [0x00000000eb480000,0x00000000eb480000,0x00000000ec580000)
 ParOldGen       total 123392K, used 34725K [0x0000000081000000, 0x0000000088880000, 0x00000000d5b00000)
  object space 123392K, 28% used [0x0000000081000000,0x00000000831e94e8,0x0000000088880000)
 Metaspace       used 16533K, capacity 16712K, committed 16896K, reserved 1064960K
  class space    used 1859K, capacity 1932K, committed 2048K, reserved 1048576K
Event: 212.116 GC heap after
Heap after GC invocations=381 (full 12):
 PSYoungGen      total 302080K, used 8480K [0x00000000d5b00000, 0x00000000ece00000, 0x0000000100000000)
  eden space 293376K, 0% used [0x00000000d5b00000,0x00000000d5b00000,0x00000000e7980000)
  from space 8704K, 97% used [0x00000000eb480000,0x00000000ebcc8000,0x00000000ebd00000)
  to   space 16896K, 0% used [0x00000000ebd80000,0x00000000ebd80000,0x00000000ece00000)
 ParOldGen       total 123392K, used 34749K [0x0000000081000000, 0x0000000088880000, 0x00000000d5b00000)
  object space 123392K, 28% used [0x0000000081000000,0x00000000831ef4e8,0x0000000088880000)
 Metaspace       used 16533K, capacity 16712K, committed 16896K, reserved 1064960K
  class space    used 1859K, capacity 1932K, committed 2048K, reserved 1048576K
}
Event: 212.590 GC heap before
{Heap before GC invocations=382 (full 12):
 PSYoungGen      total 302080K, used 301856K [0x00000000d5b00000, 0x00000000ece00000, 0x0000000100000000)
  eden space 293376K, 100% used [0x00000000d5b00000,0x00000000e7980000,0x00000000e7980000)
  from space 8704K, 97% used [0x00000000eb480000,0x00000000ebcc8000,0x00000000ebd00000)
  to   space 16896K, 0% used [0x00000000ebd80000,0x00000000ebd80000,0x00000000ece00000)
 ParOldGen       total 123392K, used 34749K [0x0000000081000000, 0x0000000088880000, 0x00000000d5b00000)
  object space 123392K, 28% used [0x0000000081000000,0x00000000831ef4e8,0x0000000088880000)
 Metaspace       used 16533K, capacity 16712K, committed 16896K, reserved 1064960K
  class space    used 1859K, capacity 1932K, committed 2048K, reserved 1048576K
Event: 212.597 GC heap after
Heap after GC invocations=382 (full 12):
 PSYoungGen      total 354816K, used 1056K [0x00000000d5b00000, 0x00000000eca00000, 0x0000000100000000)
  eden space 342016K, 0% used [0x00000000d5b00000,0x00000000d5b00000,0x00000000ea900000)
  from space 12800K, 8% used [0x00000000ebd80000,0x00000000ebe88000,0x00000000eca00000)
  to   space 16896K, 0% used [0x00000000ea900000,0x00000000ea900000,0x00000000eb980000)
 ParOldGen       total 123392K, used 42565K [0x0000000081000000, 0x0000000088880000, 0x00000000d5b00000)
  object space 123392K, 34% used [0x0000000081000000,0x00000000839914e8,0x0000000088880000)
 Metaspace       used 16533K, capacity 16712K, committed 16896K, reserved 1064960K
  class space    used 1859K, capacity 1932K, committed 2048K, reserved 1048576K
}
Event: 213.207 GC heap before
{Heap before GC invocations=383 (full 12):
 PSYoungGen      total 354816K, used 343072K [0x00000000d5b00000, 0x00000000eca00000, 0x0000000100000000)
  eden space 342016K, 100% used [0x00000000d5b00000,0x00000000ea900000,0x00000000ea900000)
  from space 12800K, 8% used [0x00000000ebd80000,0x00000000ebe88000,0x00000000eca00000)
  to   space 16896K, 0% used [0x00000000ea900000,0x00000000ea900000,0x00000000eb980000)
 ParOldGen       total 123392K, used 42565K [0x0000000081000000, 0x0000000088880000, 0x00000000d5b00000)
  object space 123392K, 34% used [0x0000000081000000,0x00000000839914e8,0x0000000088880000)
 Metaspace       used 16537K, capacity 16712K, committed 16896K, reserved 1064960K
  class space    used 1859K, capacity 1932K, committed 2048K, reserved 1048576K
Event: 213.212 GC heap after
Heap after GC invocations=383 (full 12):
 PSYoungGen      total 337408K, used 8608K [0x00000000d5b00000, 0x00000000ebe00000, 0x0000000100000000)
  eden space 328704K, 0% used [0x00000000d5b00000,0x00000000d5b00000,0x00000000e9c00000)
  from space 8704K, 98% used [0x00000000ea900000,0x00000000eb168000,0x00000000eb180000)
  to   space 12800K, 0% used [0x00000000eb180000,0x00000000eb180000,0x00000000ebe00000)
 ParOldGen       total 123392K, used 42589K [0x0000000081000000, 0x0000000088880000, 0x00000000d5b00000)
  object space 123392K, 34% used [0x0000000081000000,0x00000000839974e8,0x0000000088880000)
 Metaspace       used 16537K, capacity 16712K, committed 16896K, reserved 1064960K
  class space    used 1859K, capacity 1932K, committed 2048K, reserved 1048576K
}
Event: 213.720 GC heap before
{Heap before GC invocations=384 (full 12):
 PSYoungGen      total 337408K, used 337312K [0x00000000d5b00000, 0x00000000ebe00000, 0x0000000100000000)
  eden space 328704K, 100% used [0x00000000d5b00000,0x00000000e9c00000,0x00000000e9c00000)
  from space 8704K, 98% used [0x00000000ea900000,0x00000000eb168000,0x00000000eb180000)
  to   space 12800K, 0% used [0x00000000eb180000,0x00000000eb180000,0x00000000ebe00000)
 ParOldGen       total 123392K, used 42589K [0x0000000081000000, 0x0000000088880000, 0x00000000d5b00000)
  object space 123392K, 34% used [0x0000000081000000,0x00000000839974e8,0x0000000088880000)
 Metaspace       used 16537K, capacity 16712K, committed 16896K, reserved 1064960K
  class space    used 1859K, capacity 1932K, committed 2048K, reserved 1048576K
Event: 213.725 GC heap after
Heap after GC invocations=384 (full 12):
 PSYoungGen      total 346624K, used 896K [0x00000000d5b00000, 0x00000000ef200000, 0x0000000100000000)
  eden space 333824K, 0% used [0x00000000d5b00000,0x00000000d5b00000,0x00000000ea100000)
  from space 12800K, 7% used [0x00000000eb180000,0x00000000eb260000,0x00000000ebe00000)
  to   space 16896K, 0% used [0x00000000ea100000,0x00000000ea100000,0x00000000eb180000)
 ParOldGen       total 123392K, used 50277K [0x0000000081000000, 0x0000000088880000, 0x00000000d5b00000)
  object space 123392K, 40% used [0x0000000081000000,0x00000000841194e8,0x0000000088880000)
 Metaspace       used 16537K, capacity 16712K, committed 16896K, reserved 1064960K
  class space    used 1859K, capacity 1932K, committed 2048K, reserved 1048576K
}
Event: 214.272 GC heap before
{Heap before GC invocations=385 (full 12):
 PSYoungGen      total 346624K, used 334720K [0x00000000d5b00000, 0x00000000ef200000, 0x0000000100000000)
  eden space 333824K, 100% used [0x00000000d5b00000,0x00000000ea100000,0x00000000ea100000)
  from space 12800K, 7% used [0x00000000eb180000,0x00000000eb260000,0x00000000ebe00000)
  to   space 16896K, 0% used [0x00000000ea100000,0x00000000ea100000,0x00000000eb180000)
 ParOldGen       total 123392K, used 50277K [0x0000000081000000, 0x0000000088880000, 0x00000000d5b00000)
  object space 123392K, 40% used [0x0000000081000000,0x00000000841194e8,0x0000000088880000)
 Metaspace       used 16540K, capacity 16712K, committed 16896K, reserved 1064960K
  class space    used 1859K, capacity 1932K, committed 2048K, reserved 1048576K
Event: 214.277 GC heap after
Heap after GC invocations=385 (full 12):
 PSYoungGen      total 350720K, used 8416K [0x00000000d5b00000, 0x00000000ef700000, 0x0000000100000000)
  eden space 333824K, 0% used [0x00000000d5b00000,0x00000000d5b00000,0x00000000ea100000)
  from space 16896K, 49% used [0x00000000ea100000,0x00000000ea938000,0x00000000eb180000)
  to   space 16384K, 0% used [0x00000000ee700000,0x00000000ee700000,0x00000000ef700000)
 ParOldGen       total 123392K, used 50277K [0x0000000081000000, 0x0000000088880000, 0x00000000d5b00000)
  object space 123392K, 40% used [0x0000000081000000,0x00000000841194e8,0x0000000088880000)
 Metaspace       used 16540K, capacity 16712K, committed 16896K, reserved 1064960K
  class space    used 1859K, capacity 1932K, committed 2048K, reserved 1048576K
}

