# JRE version: Java(TM) SE Runtime Environment (8.0_181-b13) (build 1.8.0_181-b13)
# Java VM: Java HotSpot(TM) 64-Bit Server VM (25.181-b13 mixed mode windows-amd64 compressed oops)
Heap:
 PSYoungGen      total 690176K, used 31904K [0x00000000d5b00000, 0x0000000100000000, 0x0000000100000000)
  eden space 687104K, 4% used [0x00000000d5b00000,0x00000000d772fe58,0x00000000ffa00000)
  from space 3072K, 98% used [0x00000000ffa00000,0x00000000ffcf8490,0x00000000ffd00000)
  to   space 3072K, 0% used [0x00000000ffd00000,0x00000000ffd00000,0x0000000100000000)
 ParOldGen       total 1210368K, used 1108796K [0x0000000081000000, 0x00000000cae00000, 0x00000000d5b00000)
  object space 1210368K, 91% used [0x0000000081000000,0x00000000c4acf118,0x00000000cae00000)
 Metaspace       used 16763K, capacity 16968K, committed 17152K, reserved 1064960K
  class space    used 1866K, capacity 1932K, committed 2048K, reserved 1048576K
GC Heap History (10 events):
Event: 616.280 GC heap before
{Heap before GC invocations=3719 (full 30):
 PSYoungGen      total 689664K, used 689632K [0x00000000d5b00000, 0x0000000100000000, 0x0000000100000000)
  eden space 687104K, 100% used [0x00000000d5b00000,0x00000000ffa00000,0x00000000ffa00000)
  from space 2560K, 98% used [0x00000000ffd80000,0x00000000ffff8010,0x0000000100000000)
  to   space 3072K, 0% used [0x00000000ffa00000,0x00000000ffa00000,0x00000000ffd00000)
 ParOldGen       total 1210368K, used 1107580K [0x0000000081000000, 0x00000000cae00000, 0x00000000d5b00000)
  object space 1210368K, 91% used [0x0000000081000000,0x00000000c499f118,0x00000000cae00000)
 Metaspace       used 16748K, capacity 16968K, committed 17152K, reserved 1064960K
  class space    used 1862K, capacity 1932K, committed 2048K, reserved 1048576K
Event: 616.285 GC heap after
Heap after GC invocations=3719 (full 30):
 PSYoungGen      total 690176K, used 1536K [0x00000000d5b00000, 0x0000000100000000, 0x0000000100000000)
  eden space 687104K, 0% used [0x00000000d5b00000,0x00000000d5b00000,0x00000000ffa00000)
  from space 3072K, 50% used [0x00000000ffa00000,0x00000000ffb80000,0x00000000ffd00000)
  to   space 3072K, 0% used [0x00000000ffd00000,0x00000000ffd00000,0x0000000100000000)
 ParOldGen       total 1210368K, used 1107876K [0x0000000081000000, 0x00000000cae00000, 0x00000000d5b00000)
  object space 1210368K, 91% used [0x0000000081000000,0x00000000c49e9118,0x00000000cae00000)
 Metaspace       used 16748K, capacity 16968K, committed 17152K, reserved 1064960K
  class space    used 1862K, capacity 1932K, committed 2048K, reserved 1048576K
}
Event: 616.508 GC heap before
{Heap before GC invocations=3720 (full 30):
 PSYoungGen      total 690176K, used 688640K [0x00000000d5b00000, 0x0000000100000000, 0x0000000100000000)
  eden space 687104K, 100% used [0x00000000d5b00000,0x00000000ffa00000,0x00000000ffa00000)
  from space 3072K, 50% used [0x00000000ffa00000,0x00000000ffb80000,0x00000000ffd00000)
  to   space 3072K, 0% used [0x00000000ffd00000,0x00000000ffd00000,0x0000000100000000)
 ParOldGen       total 1210368K, used 1107876K [0x0000000081000000, 0x00000000cae00000, 0x00000000d5b00000)
  object space 1210368K, 91% used [0x0000000081000000,0x00000000c49e9118,0x00000000cae00000)
 Metaspace       used 16748K, capacity 16968K, committed 17152K, reserved 1064960K
  class space    used 1862K, capacity 1932K, committed 2048K, reserved 1048576K
Event: 616.513 GC heap after
Heap after GC invocations=3720 (full 30):
 PSYoungGen      total 690176K, used 1984K [0x00000000d5b00000, 0x0000000100000000, 0x0000000100000000)
  eden space 687104K, 0% used [0x00000000d5b00000,0x00000000d5b00000,0x00000000ffa00000)
  from space 3072K, 64% used [0x00000000ffd00000,0x00000000ffef0010,0x0000000100000000)
  to   space 3072K, 0% used [0x00000000ffa00000,0x00000000ffa00000,0x00000000ffd00000)
 ParOldGen       total 1210368K, used 1107876K [0x0000000081000000, 0x00000000cae00000, 0x00000000d5b00000)
  object space 1210368K, 91% used [0x0000000081000000,0x00000000c49e9118,0x00000000cae00000)
 Metaspace       used 16748K, capacity 16968K, committed 17152K, reserved 1064960K
  class space    used 1862K, capacity 1932K, committed 2048K, reserved 1048576K
}
Event: 616.782 GC heap before
{Heap before GC invocations=3721 (full 30):
 PSYoungGen      total 690176K, used 689088K [0x00000000d5b00000, 0x0000000100000000, 0x0000000100000000)
  eden space 687104K, 100% used [0x00000000d5b00000,0x00000000ffa00000,0x00000000ffa00000)
  from space 3072K, 64% used [0x00000000ffd00000,0x00000000ffef0010,0x0000000100000000)
  to   space 3072K, 0% used [0x00000000ffa00000,0x00000000ffa00000,0x00000000ffd00000)
 ParOldGen       total 1210368K, used 1107876K [0x0000000081000000, 0x00000000cae00000, 0x00000000d5b00000)
  object space 1210368K, 91% used [0x0000000081000000,0x00000000c49e9118,0x00000000cae00000)
 Metaspace       used 16748K, capacity 16968K, committed 17152K, reserved 1064960K
  class space    used 1862K, capacity 1932K, committed 2048K, reserved 1048576K
Event: 616.788 GC heap after
Heap after GC invocations=3721 (full 30):
 PSYoungGen      total 690176K, used 1760K [0x00000000d5b00000, 0x0000000100000000, 0x0000000100000000)
  eden space 687104K, 0% used [0x00000000d5b00000,0x00000000d5b00000,0x00000000ffa00000)
  from space 3072K, 57% used [0x00000000ffa00000,0x00000000ffbb8000,0x00000000ffd00000)
  to   space 3072K, 0% used [0x00000000ffd00000,0x00000000ffd00000,0x0000000100000000)
 ParOldGen       total 1210368K, used 1108012K [0x0000000081000000, 0x00000000cae00000, 0x00000000d5b00000)
  object space 1210368K, 91% used [0x0000000081000000,0x00000000c4a0b118,0x00000000cae00000)
 Metaspace       used 16748K, capacity 16968K, committed 17152K, reserved 1064960K
  class space    used 1862K, capacity 1932K, committed 2048K, reserved 1048576K
}
Event: 617.050 GC heap before
{Heap before GC invocations=3722 (full 30):
 PSYoungGen      total 690176K, used 688864K [0x00000000d5b00000, 0x0000000100000000, 0x0000000100000000)
  eden space 687104K, 100% used [0x00000000d5b00000,0x00000000ffa00000,0x00000000ffa00000)
  from space 3072K, 57% used [0x00000000ffa00000,0x00000000ffbb8000,0x00000000ffd00000)
  to   space 3072K, 0% used [0x00000000ffd00000,0x00000000ffd00000,0x0000000100000000)
 ParOldGen       total 1210368K, used 1108012K [0x0000000081000000, 0x00000000cae00000, 0x00000000d5b00000)
  object space 1210368K, 91% used [0x0000000081000000,0x00000000c4a0b118,0x00000000cae00000)
 Metaspace       used 16748K, capacity 16968K, committed 17152K, reserved 1064960K
  class space    used 1862K, capacity 1932K, committed 2048K, reserved 1048576K
Event: 617.057 GC heap after
Heap after GC invocations=3722 (full 30):
 PSYoungGen      total 690176K, used 1824K [0x00000000d5b00000, 0x0000000100000000, 0x0000000100000000)
  eden space 687104K, 0% used [0x00000000d5b00000,0x00000000d5b00000,0x00000000ffa00000)
  from space 3072K, 59% used [0x00000000ffd00000,0x00000000ffec8000,0x0000000100000000)
  to   space 3072K, 0% used [0x00000000ffa00000,0x00000000ffa00000,0x00000000ffd00000)
 ParOldGen       total 1210368K, used 1108108K [0x0000000081000000, 0x00000000cae00000, 0x00000000d5b00000)
  object space 1210368K, 91% used [0x0000000081000000,0x00000000c4a23118,0x00000000cae00000)
 Metaspace       used 16748K, capacity 16968K, committed 17152K, reserved 1064960K
  class space    used 1862K, capacity 1932K, committed 2048K, reserved 1048576K
}
Event: 617.498 GC heap before
{Heap before GC invocations=3723 (full 30):
 PSYoungGen      total 690176K, used 688928K [0x00000000d5b00000, 0x0000000100000000, 0x0000000100000000)
  eden space 687104K, 100% used [0x00000000d5b00000,0x00000000ffa00000,0x00000000ffa00000)
  from space 3072K, 59% used [0x00000000ffd00000,0x00000000ffec8000,0x0000000100000000)
  to   space 3072K, 0% used [0x00000000ffa00000,0x00000000ffa00000,0x00000000ffd00000)
 ParOldGen       total 1210368K, used 1108108K [0x0000000081000000, 0x00000000cae00000, 0x00000000d5b00000)
  object space 1210368K, 91% used [0x0000000081000000,0x00000000c4a23118,0x00000000cae00000)
 Metaspace       used 16748K, capacity 16968K, committed 17152K, reserved 1064960K
  class space    used 1862K, capacity 1932K, committed 2048K, reserved 1048576K
Event: 617.505 GC heap after
Heap after GC invocations=3723 (full 30):
 PSYoungGen      total 690176K, used 3041K [0x00000000d5b00000, 0x0000000100000000, 0x0000000100000000)
  eden space 687104K, 0% used [0x00000000d5b00000,0x00000000d5b00000,0x00000000ffa00000)
  from space 3072K, 98% used [0x00000000ffa00000,0x00000000ffcf8490,0x00000000ffd00000)
  to   space 3072K, 0% used [0x00000000ffd00000,0x00000000ffd00000,0x0000000100000000)
 ParOldGen       total 1210368K, used 1108796K [0x0000000081000000, 0x00000000cae00000, 0x00000000d5b00000)
  object space 1210368K, 91% used [0x0000000081000000,0x00000000c4acf118,0x00000000cae00000)
 Metaspace       used 16748K, capacity 16968K, committed 17152K, reserved 1064960K
  class space    used 1862K, capacity 1932K, committed 2048K, reserved 1048576K
}

